<?xml version="1.0" encoding="UTF-8"?>
<!-- Generated by org.testng.reporters.JUnitXMLReporter -->
<testsuite ignored="1" hostname="LAPTOP-0PKOEQOA" failures="1" tests="2" name="Test1" time="18.415" errors="0" timestamp="2025-04-14T19:02:40 IST">
  <testcase classname="TestCases.TC_LoginTest" name="LoginTest" time="10.88">
    <failure type="java.lang.AssertionError" message="expected [true] but found [false]">
      <![CDATA[java.lang.AssertionError: expected [true] but found [false]
at TestCases.TC_LoginTest.LoginTest(TC_LoginTest.java:42)
at java.base/java.util.ArrayList.forEach(ArrayList.java:1596)
... Removed 29 stack frames]]>
    </failure>
  </testcase> <!-- LoginTest -->
  <testcase classname="TestCases.TC_AccountRegistrationTest" name="accountRegistrationTest" time="1.521"/>
  <testcase classname="TestCases.TC_DataDrivenLoginTest" name="DataDrivenLoginTest" time="0.0">
    <ignored/>
  </testcase> <!-- DataDrivenLoginTest -->
</testsuite> <!-- Test1 -->
